[34m[1mtrain: [0mweights=yolov9c.pt, cfg=models/detect/yolov9-c.yaml, data=C:\Users\gaby3\Documents\sea-turtles-detection\yolov9\data_sea_turtles.yaml, hyp=data/hyps/hyp.scratch-high.yaml, epochs=50, batch_size=8, imgsz=640, rect=False, resume=False, nosave=False, noval=False, noautoanchor=False, noplots=False, evolve=None, bucket=, cache=False, image_weights=False, device=0, multi_scale=False, single_cls=False, optimizer=SGD, sync_bn=False, workers=0, project=runs/train, name=yolov9c_20260119_103927, exist_ok=False, quad=False, cos_lr=False, flat_cos_lr=False, fixed_lr=False, label_smoothing=0.0, patience=100, freeze=[0], save_period=-1, seed=0, local_rank=-1, min_items=0, close_mosaic=0, entity=None, upload_dataset=False, bbox_interval=-1, artifact_alias=latest
YOLO  v0.1-104-g5b1ea9a Python-3.11.9 torch-2.1.2+cu118 CUDA:0 (NVIDIA GeForce RTX 3070, 8192MiB)

[34m[1mhyperparameters: [0mlr0=0.01, lrf=0.01, momentum=0.937, weight_decay=0.0005, warmup_epochs=3.0, warmup_momentum=0.8, warmup_bias_lr=0.1, box=7.5, cls=0.5, cls_pw=1.0, obj=0.7, obj_pw=1.0, dfl=1.5, iou_t=0.2, anchor_t=5.0, fl_gamma=0.0, hsv_h=0.015, hsv_s=0.7, hsv_v=0.4, degrees=0.0, translate=0.1, scale=0.9, shear=0.0, perspective=0.0, flipud=0.0, fliplr=0.5, mosaic=1.0, mixup=0.15, copy_paste=0.3
[34m[1mClearML: [0mrun 'pip install clearml' to automatically track, visualize and remotely train YOLO  in ClearML
[34m[1mComet: [0mrun 'pip install comet_ml' to automatically track and visualize YOLO  runs in Comet
[34m[1mTensorBoard: [0mStart with 'tensorboard --logdir runs\train', view at http://localhost:6006/
Overriding model.yaml nc=80 with nc=1

                 from  n    params  module                                  arguments                     
  0                -1  1         0  models.common.Silence                   []                            
  1                -1  1      1856  models.common.Conv                      [3, 64, 3, 2]                 
  2                -1  1     73984  models.common.Conv                      [64, 128, 3, 2]               
  3                -1  1    212864  models.common.RepNCSPELAN4              [128, 256, 128, 64, 1]        
  4                -1  1    164352  models.common.ADown                     [256, 256]                    
  5                -1  1    847616  models.common.RepNCSPELAN4              [256, 512, 256, 128, 1]       
  6                -1  1    656384  models.common.ADown                     [512, 512]                    
  7                -1  1   2857472  models.common.RepNCSPELAN4              [512, 512, 512, 256, 1]       
  8                -1  1    656384  models.common.ADown                     [512, 512]                    
  9                -1  1   2857472  models.common.RepNCSPELAN4              [512, 512, 512, 256, 1]       
 10                -1  1    656896  models.common.SPPELAN                   [512, 512, 256]               
 11                -1  1         0  torch.nn.modules.upsampling.Upsample    [None, 2, 'nearest']          
 12           [-1, 7]  1         0  models.common.Concat                    [1]                           
 13                -1  1   3119616  models.common.RepNCSPELAN4              [1024, 512, 512, 256, 1]      
 14                -1  1         0  torch.nn.modules.upsampling.Upsample    [None, 2, 'nearest']          
 15           [-1, 5]  1         0  models.common.Concat                    [1]                           
 16                -1  1    912640  models.common.RepNCSPELAN4              [1024, 256, 256, 128, 1]      
 17                -1  1    164352  models.common.ADown                     [256, 256]                    
 18          [-1, 13]  1         0  models.common.Concat                    [1]                           
 19                -1  1   2988544  models.common.RepNCSPELAN4              [768, 512, 512, 256, 1]       
 20                -1  1    656384  models.common.ADown                     [512, 512]                    
 21          [-1, 10]  1         0  models.common.Concat                    [1]                           
 22                -1  1   3119616  models.common.RepNCSPELAN4              [1024, 512, 512, 256, 1]      
 23                 5  1    131328  models.common.CBLinear                  [512, [256]]                  
 24                 7  1    393984  models.common.CBLinear                  [512, [256, 512]]             
 25                 9  1    656640  models.common.CBLinear                  [512, [256, 512, 512]]        
 26                 0  1      1856  models.common.Conv                      [3, 64, 3, 2]                 
 27                -1  1     73984  models.common.Conv                      [64, 128, 3, 2]               
 28                -1  1    212864  models.common.RepNCSPELAN4              [128, 256, 128, 64, 1]        
 29                -1  1    164352  models.common.ADown                     [256, 256]                    
 30  [23, 24, 25, -1]  1         0  models.common.CBFuse                    [[0, 0, 0]]                   
 31                -1  1    847616  models.common.RepNCSPELAN4              [256, 512, 256, 128, 1]       
 32                -1  1    656384  models.common.ADown                     [512, 512]                    
 33      [24, 25, -1]  1         0  models.common.CBFuse                    [[1, 1]]                      
 34                -1  1   2857472  models.common.RepNCSPELAN4              [512, 512, 512, 256, 1]       
 35                -1  1    656384  models.common.ADown                     [512, 512]                    
 36          [25, -1]  1         0  models.common.CBFuse                    [[2]]                         
 37                -1  1   2857472  models.common.RepNCSPELAN4              [512, 512, 512, 256, 1]       
 38[31, 34, 37, 16, 19, 22]  1  21542822  models.yolo.DualDDetect                 [1, [512, 512, 512, 256, 512, 512]]
yolov9-c summary: 962 layers, 50999590 parameters, 50999558 gradients

Transferred 18/1460 items from yolov9c.pt
[34m[1mAMP: [0mchecks passed 
[34m[1moptimizer:[0m SGD(lr=0.01) with parameter groups 238 weight(decay=0.0), 255 weight(decay=0.0005), 253 bias

[34m[1mtrain: [0mScanning C:\Users\gaby3\Documents\sea-turtles-detection\Dataset\sea-turtles-1\train\labels...:   0%|          | 0/1229 00:00
[34m[1mtrain: [0mScanning C:\Users\gaby3\Documents\sea-turtles-detection\Dataset\sea-turtles-1\train\labels... 1 images, 1 backgrounds, 0 corrupt:   0%|          | 1/1229 00:04
[34m[1mtrain: [0mScanning C:\Users\gaby3\Documents\sea-turtles-detection\Dataset\sea-turtles-1\train\labels... 164 images, 12 backgrounds, 0 corrupt:  13%|#3        | 164/1229 00:04
[34m[1mtrain: [0mScanning C:\Users\gaby3\Documents\sea-turtles-detection\Dataset\sea-turtles-1\train\labels... 656 images, 139 backgrounds, 0 corrupt:  53%|#####3    | 656/1229 00:04
[34m[1mtrain: [0mScanning C:\Users\gaby3\Documents\sea-turtles-detection\Dataset\sea-turtles-1\train\labels... 1229 images, 218 backgrounds, 0 corrupt: 100%|##########| 1229/1229 00:04
[34m[1mtrain: [0mWARNING  Cache directory C:\Users\gaby3\Documents\sea-turtles-detection\Dataset\sea-turtles-1\train is not writeable: [WinError 183] Cannot create a file when that file already exists: 'C:\\Users\\gaby3\\Documents\\sea-turtles-detection\\Dataset\\sea-turtles-1\\train\\labels.cache.npy' -> 'C:\\Users\\gaby3\\Documents\\sea-turtles-detection\\Dataset\\sea-turtles-1\\train\\labels.cache'

  0%|          | 0/1229 00:00
[34m[1mtrain: [0mCaching images (0.2GB False):  11%|#1        | 138/1229 00:00
[34m[1mtrain: [0mCaching images (0.4GB False):  27%|##6       | 331/1229 00:00
[34m[1mtrain: [0mCaching images (0.6GB False):  42%|####1     | 516/1229 00:00
[34m[1mtrain: [0mCaching images (0.8GB False):  57%|#####6    | 700/1229 00:00
[34m[1mtrain: [0mCaching images (1.0GB False):  72%|#######2  | 889/1229 00:00
[34m[1mtrain: [0mCaching images (1.2GB False):  89%|########8 | 1091/1229 00:00
[34m[1mtrain: [0mCaching images (1.4GB False): 100%|##########| 1229/1229 00:00

[34m[1mval: [0mScanning C:\Users\gaby3\Documents\sea-turtles-detection\Dataset\sea-turtles-1\valid\labels...:   0%|          | 0/494 00:00
[34m[1mval: [0mScanning C:\Users\gaby3\Documents\sea-turtles-detection\Dataset\sea-turtles-1\valid\labels... 1 images, 1 backgrounds, 0 corrupt:   0%|          | 1/494 00:04
[34m[1mval: [0mScanning C:\Users\gaby3\Documents\sea-turtles-detection\Dataset\sea-turtles-1\valid\labels... 200 images, 31 backgrounds, 0 corrupt:  40%|####      | 200/494 00:04
[34m[1mval: [0mScanning C:\Users\gaby3\Documents\sea-turtles-detection\Dataset\sea-turtles-1\valid\labels... 494 images, 92 backgrounds, 0 corrupt: 100%|##########| 494/494 00:04
[34m[1mval: [0mWARNING  Cache directory C:\Users\gaby3\Documents\sea-turtles-detection\Dataset\sea-turtles-1\valid is not writeable: [WinError 183] Cannot create a file when that file already exists: 'C:\\Users\\gaby3\\Documents\\sea-turtles-detection\\Dataset\\sea-turtles-1\\valid\\labels.cache.npy' -> 'C:\\Users\\gaby3\\Documents\\sea-turtles-detection\\Dataset\\sea-turtles-1\\valid\\labels.cache'

  0%|          | 0/494 00:00
[34m[1mval: [0mCaching images (0.2GB False):  32%|###2      | 159/494 00:00
[34m[1mval: [0mCaching images (0.4GB False):  64%|######3   | 316/494 00:00
[34m[1mval: [0mCaching images (0.6GB False):  99%|#########8| 487/494 00:00
[34m[1mval: [0mCaching images (0.6GB False): 100%|##########| 494/494 00:00
Plotting labels to runs\train\yolov9c_20260119_103927\labels.jpg... 
Image sizes 640 train, 640 val
Using 0 dataloader workers
Logging results to [1mruns\train\yolov9c_20260119_103927[0m
Starting training for 50 epochs...

      Epoch    GPU_mem   box_loss   cls_loss   dfl_loss  Instances       Size

  0%|          | 0/154 00:00
  0%|          | 0/154 00:02
Traceback (most recent call last):
  File "C:\Users\gaby3\Documents\sea-turtles-detection\yolov9\src\train.py", line 634, in <module>
    main(opt)
  File "C:\Users\gaby3\Documents\sea-turtles-detection\yolov9\src\train.py", line 528, in main
    train(opt.hyp, opt, device, callbacks)
  File "C:\Users\gaby3\Documents\sea-turtles-detection\yolov9\src\train.py", line 304, in train
    loss, loss_items = compute_loss(pred, targets.to(device))  # loss scaled by batch_size
                       ^^^^^^^^^^^^^^^^^^^^^^^^^^^^^^^^^^^^^^
  File "C:\Users\gaby3\Documents\sea-turtles-detection\yolov9\src\utils\loss_tal.py", line 168, in __call__
    pred_distri, pred_scores = torch.cat([xi.view(feats[0].shape[0], self.no, -1) for xi in feats], 2).split(
                                         ^^^^^^^^^^^^^^^^^^^^^^^^^^^^^^^^^^^^^^^^^^^^^^^^^^^^^^^^^
  File "C:\Users\gaby3\Documents\sea-turtles-detection\yolov9\src\utils\loss_tal.py", line 168, in <listcomp>
    pred_distri, pred_scores = torch.cat([xi.view(feats[0].shape[0], self.no, -1) for xi in feats], 2).split(
                                          ^^^^^^^
AttributeError: 'list' object has no attribute 'view'
